<?xml version="1.0" encoding="UTF-8"?>
<!-- Generated by org.testng.reporters.JUnitXMLReporter -->
<testsuite ignored="0" hostname="DESKTOP-FKQO898" failures="2" tests="3" name="chrometests" time="38.672" errors="0" timestamp="2023-05-03T20:49:52 IST">
  <testcase classname="testngproject.ParameterizationProgram" name="login" time="3.814"/>
  <testcase classname="testngproject.ParameterizationProgram" name="endPopup" time="0.032">
    <failure type="java.lang.IndexOutOfBoundsException" message="Index 11 out of bounds for length 1">
      <![CDATA[java.lang.IndexOutOfBoundsException: Index 11 out of bounds for length 1
at java.base/jdk.internal.util.Preconditions.outOfBounds(Preconditions.java:64)
at java.base/jdk.internal.util.Preconditions.outOfBoundsCheckIndex(Preconditions.java:70)
at java.base/jdk.internal.util.Preconditions.checkIndex(Preconditions.java:266)
at java.base/java.util.Objects.checkIndex(Objects.java:359)
at java.base/java.util.ArrayList.get(ArrayList.java:427)
at testngproject.ParameterizationProgram.endPopup(ParameterizationProgram.java:56)
at java.base/java.util.ArrayList.forEach(ArrayList.java:1511)
at java.base/java.util.concurrent.FutureTask.run(FutureTask.java:264)
at java.base/java.util.concurrent.ThreadPoolExecutor.runWorker(ThreadPoolExecutor.java:1136)
at java.base/java.util.concurrent.ThreadPoolExecutor$Worker.run(ThreadPoolExecutor.java:635)
at java.base/java.lang.Thread.run(Thread.java:833)
... Removed 18 stack frames]]>
    </failure>
  </testcase> <!-- endPopup -->
  <testcase classname="testngproject.ParameterizationProgram" name="HomePageTitle" time="0.018">
    <failure type="java.lang.AssertionError" message="Failed expected [Home - QAlegend] but found [Login - Demo POS]">
      <![CDATA[java.lang.AssertionError: Failed expected [Home - QAlegend] but found [Login - Demo POS]
at testngproject.ParameterizationProgram.HomePageTitle(ParameterizationProgram.java:63)
at java.base/java.util.ArrayList.forEach(ArrayList.java:1511)
at java.base/java.util.concurrent.FutureTask.run(FutureTask.java:264)
at java.base/java.util.concurrent.ThreadPoolExecutor.runWorker(ThreadPoolExecutor.java:1136)
at java.base/java.util.concurrent.ThreadPoolExecutor$Worker.run(ThreadPoolExecutor.java:635)
at java.base/java.lang.Thread.run(Thread.java:833)
... Removed 23 stack frames]]>
    </failure>
  </testcase> <!-- HomePageTitle -->
</testsuite> <!-- chrometests -->
