<?xml version="1.0" encoding="UTF-8"?>
<!-- Generated by org.testng.reporters.JUnitReportReporter -->
<testsuite hostname="DESKTOP-FKQO898" failures="0" tests="5" name="testngproject.TestngAssignment1" time="15.647" errors="1" timestamp="2023-05-02T21:53:19 IST" skipped="3">
  <testcase classname="testngproject.TestngAssignment1" name="loadPage" time="15.620"/>
  <system-out/>
  <testcase classname="testngproject.TestngAssignment1" name="login" time="0.027">
    <error message="Cannot invoke &quot;org.openqa.selenium.WebDriver.findElement(org.openqa.selenium.By)&quot; because &quot;this.driver&quot; is null" type="java.lang.NullPointerException">
      <![CDATA[java.lang.NullPointerException: Cannot invoke "org.openqa.selenium.WebDriver.findElement(org.openqa.selenium.By)" because "this.driver" is null
at testngproject.TestngAssignment1.login(TestngAssignment1.java:70)
at java.base/jdk.internal.reflect.NativeMethodAccessorImpl.invoke0(Native Method)
at java.base/jdk.internal.reflect.NativeMethodAccessorImpl.invoke(NativeMethodAccessorImpl.java:77)
at java.base/jdk.internal.reflect.DelegatingMethodAccessorImpl.invoke(DelegatingMethodAccessorImpl.java:43)
at java.base/java.lang.reflect.Method.invoke(Method.java:568)
at org.testng.internal.MethodInvocationHelper.invokeMethod(MethodInvocationHelper.java:133)
at org.testng.internal.TestInvoker.invokeMethod(TestInvoker.java:598)
at org.testng.internal.TestInvoker.invokeTestMethod(TestInvoker.java:173)
at org.testng.internal.MethodRunner.runInSequence(MethodRunner.java:46)
at org.testng.internal.TestInvoker$MethodInvocationAgent.invoke(TestInvoker.java:824)
at org.testng.internal.TestInvoker.invokeTestMethods(TestInvoker.java:146)
at org.testng.internal.TestMethodWorker.invokeTestMethods(TestMethodWorker.java:146)
at org.testng.internal.TestMethodWorker.run(TestMethodWorker.java:128)
at java.base/java.util.concurrent.ThreadPoolExecutor.runWorker(ThreadPoolExecutor.java:1136)
at java.base/java.util.concurrent.ThreadPoolExecutor$Worker.run(ThreadPoolExecutor.java:635)
at java.base/java.lang.Thread.run(Thread.java:833)
]]>
    </error>
  </testcase> <!-- login -->
  <system-out/>
  <testcase classname="testngproject.TestngAssignment1" name="endPopup">
    <skipped/>
  </testcase> <!-- endPopup -->
  <system-out/>
  <testcase classname="testngproject.TestngAssignment1" name="closeBrowser">
    <skipped/>
  </testcase> <!-- closeBrowser -->
  <system-out/>
  <testcase classname="testngproject.TestngAssignment1" name="HomePageTitle">
    <skipped/>
  </testcase> <!-- HomePageTitle -->
  <system-out/>
</testsuite> <!-- testngproject.TestngAssignment1 -->
